Your overall score for this assignment is 0.16 out of 10.00


The code you submitted did not pass all of our tests: your submission achieved a score of
0.16 out of 10.00 in our tests.

In order to find bugs in your code, we advise to perform the following steps:
 - Take a close look at the test output that you can find below: it should point you to
   the part of your code that has bugs.
 - Run the tests that we provide with the handout on your code.
 - The tests we provide do not test your code in depth: they are very incomplete. In order
   to test more aspects of your code, write your own unit tests.
 - Take another very careful look at the assignment description. Try to find out if you
   misunderstood parts of it. While reading through the assignment, write more tests.

Below you can find a short feedback for every individual test that failed.

======== LOG OF FAILED TESTS ========
Your solution achieved a testing score of 1 out of 63.

Below you can see a short feedback for every test that failed,
indicating the reason for the test failure and how many points
you lost for each individual test.

Tests that were aborted took too long too complete or crashed the
JVM. Such crashes can arise due to infinite non-terminitaing
loops or recursion (StackOverflowException) or excessive memory
consumption (OutOfMemoryException).

[Test Description] Fork with 4 empty quadrants
[Observed Error] an implementation is missing
[exception was thrown] detailed error message in debug output section below
[Lost Points] 2

[Test Description] Fork with 3 empty quadrants and 1 leaf (sw)
[Observed Error] an implementation is missing
[exception was thrown] detailed error message in debug output section below
[Lost Points] 1

[Test Description] Empty.insert(b) should return a Leaf with only that body
[Observed Error] an implementation is missing
[exception was thrown] detailed error message in debug output section below
[Lost Points] 2

[Test Description] Body.updated should consider a Fork as opaque if it is far away
[Observed Error] an implementation is missing
[exception was thrown] detailed error message in debug output section below
[Lost Points] 2

[Test Description] 'mergeBoundaries' should correctly merge two boundaries
[Observed Error] an implementation is missing
[exception was thrown] detailed error message in debug output section below
[Lost Points] 2

[Test Description] 'insert' should work correctly on a leaf with center (1,1) and size <= minimumSize
[Observed Error] an implementation is missing
[exception was thrown] detailed error message in debug output section below
[Lost Points] 2

[Test Description] Body.updated should take bodies in a Leaf into account
[Observed Error] an implementation is missing
[exception was thrown] detailed error message in debug output section below
[Lost Points] 2

[Test Description] 'SectorMatrix.+=' should add a body at (25,47) to the correct bucket of a sector matrix of size 96
[Observed Error] an implementation is missing
[exception was thrown] detailed error message in debug output section below
[Lost Points] 2

[Test Description] 'SectorMatrix.+=' should add a body at (64,27) to the correct bucket of a sector matrix of size 108 when the sector precision is 12
[Observed Error] an implementation is missing
[exception was thrown] detailed error message in debug output section below
[Lost Points] 2

[Test Description] Fork with 3 empty quadrants and 1 leaf (ne)
[Observed Error] an implementation is missing
[exception was thrown] detailed error message in debug output section below
[Lost Points] 1

[Test Description] Leaf.insert(b) should return a new Fork if size > minimumSize
[Observed Error] an implementation is missing
[exception was thrown] detailed error message in debug output section below
[Lost Points] 2

[Test Description] computeSectorMatrix should be parallel
[Observed Error] an implementation is missing
[exception was thrown] detailed error message in debug output section below
[Lost Points] 2

[Test Description] Fork.insert(b) should insert recursively in the appropriate quadrant
[Observed Error] an implementation is missing
[exception was thrown] detailed error message in debug output section below
[Lost Points] 2

[Test Description] 'computeSectorMatrix' should correctly work given 5 points within a boundary of size 96 when some points map to the same sector
[Observed Error] an implementation is missing
[exception was thrown] detailed error message in debug output section below
[Lost Points] 2

[Test Description] Empty: center of mass should be the center of the cell
[Observed Error] an implementation is missing
[exception was thrown] detailed error message in debug output section below
[Lost Points] 1

[Test Description] Leaf with 1 body
[Observed Error] an implementation is missing
[exception was thrown] detailed error message in debug output section below
[Lost Points] 1

[Test Description] 'updateBoundaries' should correctly update the boundary given a body at (3,5)
[Observed Error] an implementation is missing
[exception was thrown] detailed error message in debug output section below
[Lost Points] 2

[Test Description] 'insert' should work correctly on a leaf with center (1,1) and size 2
[Observed Error] an implementation is missing
[exception was thrown] detailed error message in debug output section below
[Lost Points] 2

[Test Description] 'SectorMatrix.combine' should correctly combine two sector matrices of size 96 that contain some points in the same sector
[Observed Error] an implementation is missing
[exception was thrown] detailed error message in debug output section below
[Lost Points] 2

[Test Description] Fork with 3 empty quadrants and 1 leaf (se)
[Observed Error] an implementation is missing
[exception was thrown] detailed error message in debug output section below
[Lost Points] 1

[Test Description] 'insert' should work correctly on an empty cell with center (1,1) and size 2
[Observed Error] an implementation is missing
[exception was thrown] detailed error message in debug output section below
[Lost Points] 2

[Test Description] Body.updated should recursively traverse a Fork close to it
[Observed Error] an implementation is missing
[exception was thrown] detailed error message in debug output section below
[Lost Points] 2

[Test Description] Fork with 3 empty quadrants and 1 leaf (nw)
[Observed Error] an implementation is missing
[exception was thrown] detailed error message in debug output section below
[Lost Points] 1

[Test Description] Fork with 4 leaves
[Observed Error] an implementation is missing
[exception was thrown] detailed error message in debug output section below
[Lost Points] 2

[Test Description] updateBodies should correctly update all bodies wrt to a Quad
[Observed Error] an implementation is missing
[exception was thrown] detailed error message in debug output section below
[Lost Points] 2

[Test Description] 'SectorMatrix.+=' should add a body at (25,47) to the correct bucket of a sector matrix of size 100
[Observed Error] an implementation is missing
[exception was thrown] detailed error message in debug output section below
[Lost Points] 2

[Test Description] Empty: total should be 0
[Observed Error] an implementation is missing
[exception was thrown] detailed error message in debug output section below
[Lost Points] 1

[Test Description] Leaf.insert(b) should return another Leaf if size < minimumSize
[Observed Error] an implementation is missing
[exception was thrown] detailed error message in debug output section below
[Lost Points] 2

[Test Description] 'SectorMatrix.combine' should correctly combine two sector matrices of size 96 containing points: (12, 34), (23, 45), (56, 9), (8, 79), (5, 99)
[Observed Error] an implementation is missing
[exception was thrown] detailed error message in debug output section below
[Lost Points] 2

[Test Description] Leaf with 2 bodies
[Observed Error] an implementation is missing
[exception was thrown] detailed error message in debug output section below
[Lost Points] 2

[Test Description] Empty: mass should be 0
[Observed Error] an implementation is missing
[exception was thrown] detailed error message in debug output section below
[Lost Points] 1

[Test Description] 'computeSectorMatrix' should correctly add points to buckets given 7 points within a boundary of size 96
[Observed Error] an implementation is missing
[exception was thrown] detailed error message in debug output section below
[Lost Points] 2

[Test Description] Body.updated should not count the interaction with itself in a Leaf
[Observed Error] an implementation is missing
[exception was thrown] detailed error message in debug output section below
[Lost Points] 2

[Test Description] updateBodies should be parallel
[Observed Error] an implementation is missing
[exception was thrown] detailed error message in debug output section below
[Lost Points] 2

[Test Description] 'updateBoundaries' should correctly update the boundary when invoked repeatedly with points in the range (0,0) to (100,100)
[Observed Error] an implementation is missing
[exception was thrown] detailed error message in debug output section below
[Lost Points] 2

======== TESTING ENVIRONMENT ========
Limits: memory: 256m,  total time: 850s,  per test case time: 240s

======== DEBUG OUTPUT OF TESTING TOOL ========
[test failure log] test name: BarnesHutSuite::Empty: center of mass should be the center of the cell::1
scala.NotImplementedError: an implementation is missing
scala.Predef$.$qmark$qmark$qmark(Predef.scala:225)
barneshut.package$Empty.massX(package.scala:47)
barneshut.BarnesHutSuite$$anonfun$1.apply$mcV$sp(BarnesHutSuite.scala:29)
ch.epfl.lamp.grading.GradingSuite$$anonfun$test$1.apply$mcV$sp(GradingSuite.scala:118)
ch.epfl.lamp.grading.GradingSuite$$anonfun$test$1.apply(GradingSuite.scala:117)
ch.epfl.lamp.grading.GradingSuite$$anonfun$test$1.apply(GradingSuite.scala:117)
org.scalatest.Transformer$$anonfun$apply$1.apply$mcV$sp(Transformer.scala:22)
org.scalatest.OutcomeOf$class.outcomeOf(OutcomeOf.scala:85)
org.scalatest.OutcomeOf$.outcomeOf(OutcomeOf.scala:104)
org.scalatest.Transformer.apply(Transformer.scala:22)
org.scalatest.Transformer.apply(Transformer.scala:20)
org.scalatest.FunSuiteLike$$anon$1.apply(FunSuiteLike.scala:166)
org.scalatest.Suite$class.withFixture(Suite.scala:1122)
org.scalatest.FunSuite.withFixture(FunSuite.scala:1555)
org.scalatest.FunSuiteLike$class.invokeWithFixture$1(FunSuiteLike.scala:163)
org.scalatest.FunSuiteLike$$anonfun$runTest$1.apply(FunSuiteLike.scala:175)
org.scalatest.FunSuiteLike$$anonfun$runTest$1.apply(FunSuiteLike.scala:175)
org.scalatest.SuperEngine.runTestImpl(Engine.scala:306)
org.scalatest.FunSuiteLike$class.runTest(FunSuiteLike.scala:175)
org.scalatest.FunSuite.runTest(FunSuite.scala:1555)
org.scalatest.FunSuiteLike$$anonfun$runTests$1.apply(FunSuiteLike.scala:208)
org.scalatest.FunSuiteLike$$anonfun$runTests$1.apply(FunSuiteLike.scala:208)
org.scalatest.SuperEngine$$anonfun$traverseSubNodes$1$1.apply(Engine.scala:413)
org.scalatest.SuperEngine$$anonfun$traverseSubNodes$1$1.apply(Engine.scala:401)
scala.collection.immutable.List.foreach(List.scala:381)


[test failure log] test name: BarnesHutSuite::Empty: mass should be 0::1
scala.NotImplementedError: an implementation is missing
scala.Predef$.$qmark$qmark$qmark(Predef.scala:225)
barneshut.package$Empty.mass(package.scala:49)
barneshut.BarnesHutSuite$$anonfun$2.apply$mcV$sp(BarnesHutSuite.scala:39)
ch.epfl.lamp.grading.GradingSuite$$anonfun$test$1.apply$mcV$sp(GradingSuite.scala:118)
ch.epfl.lamp.grading.GradingSuite$$anonfun$test$1.apply(GradingSuite.scala:117)
ch.epfl.lamp.grading.GradingSuite$$anonfun$test$1.apply(GradingSuite.scala:117)
org.scalatest.Transformer$$anonfun$apply$1.apply$mcV$sp(Transformer.scala:22)
org.scalatest.OutcomeOf$class.outcomeOf(OutcomeOf.scala:85)
org.scalatest.OutcomeOf$.outcomeOf(OutcomeOf.scala:104)
org.scalatest.Transformer.apply(Transformer.scala:22)
org.scalatest.Transformer.apply(Transformer.scala:20)
org.scalatest.FunSuiteLike$$anon$1.apply(FunSuiteLike.scala:166)
org.scalatest.Suite$class.withFixture(Suite.scala:1122)
org.scalatest.FunSuite.withFixture(FunSuite.scala:1555)
org.scalatest.FunSuiteLike$class.invokeWithFixture$1(FunSuiteLike.scala:163)
org.scalatest.FunSuiteLike$$anonfun$runTest$1.apply(FunSuiteLike.scala:175)
org.scalatest.FunSuiteLike$$anonfun$runTest$1.apply(FunSuiteLike.scala:175)
org.scalatest.SuperEngine.runTestImpl(Engine.scala:306)
org.scalatest.FunSuiteLike$class.runTest(FunSuiteLike.scala:175)
org.scalatest.FunSuite.runTest(FunSuite.scala:1555)
org.scalatest.FunSuiteLike$$anonfun$runTests$1.apply(FunSuiteLike.scala:208)
org.scalatest.FunSuiteLike$$anonfun$runTests$1.apply(FunSuiteLike.scala:208)
org.scalatest.SuperEngine$$anonfun$traverseSubNodes$1$1.apply(Engine.scala:413)
org.scalatest.SuperEngine$$anonfun$traverseSubNodes$1$1.apply(Engine.scala:401)
scala.collection.immutable.List.foreach(List.scala:381)


[test failure log] test name: BarnesHutSuite::Empty: total should be 0::1
scala.NotImplementedError: an implementation is missing
scala.Predef$.$qmark$qmark$qmark(Predef.scala:225)
barneshut.package$Empty.total(package.scala:50)
barneshut.BarnesHutSuite$$anonfun$3.apply$mcV$sp(BarnesHutSuite.scala:48)
ch.epfl.lamp.grading.GradingSuite$$anonfun$test$1.apply$mcV$sp(GradingSuite.scala:118)
ch.epfl.lamp.grading.GradingSuite$$anonfun$test$1.apply(GradingSuite.scala:117)
ch.epfl.lamp.grading.GradingSuite$$anonfun$test$1.apply(GradingSuite.scala:117)
org.scalatest.Transformer$$anonfun$apply$1.apply$mcV$sp(Transformer.scala:22)
org.scalatest.OutcomeOf$class.outcomeOf(OutcomeOf.scala:85)
org.scalatest.OutcomeOf$.outcomeOf(OutcomeOf.scala:104)
org.scalatest.Transformer.apply(Transformer.scala:22)
org.scalatest.Transformer.apply(Transformer.scala:20)
org.scalatest.FunSuiteLike$$anon$1.apply(FunSuiteLike.scala:166)
org.scalatest.Suite$class.withFixture(Suite.scala:1122)
org.scalatest.FunSuite.withFixture(FunSuite.scala:1555)
org.scalatest.FunSuiteLike$class.invokeWithFixture$1(FunSuiteLike.scala:163)
org.scalatest.FunSuiteLike$$anonfun$runTest$1.apply(FunSuiteLike.scala:175)
org.scalatest.FunSuiteLike$$anonfun$runTest$1.apply(FunSuiteLike.scala:175)
org.scalatest.SuperEngine.runTestImpl(Engine.scala:306)
org.scalatest.FunSuiteLike$class.runTest(FunSuiteLike.scala:175)
org.scalatest.FunSuite.runTest(FunSuite.scala:1555)
org.scalatest.FunSuiteLike$$anonfun$runTests$1.apply(FunSuiteLike.scala:208)
org.scalatest.FunSuiteLike$$anonfun$runTests$1.apply(FunSuiteLike.scala:208)
org.scalatest.SuperEngine$$anonfun$traverseSubNodes$1$1.apply(Engine.scala:413)
org.scalatest.SuperEngine$$anonfun$traverseSubNodes$1$1.apply(Engine.scala:401)
scala.collection.immutable.List.foreach(List.scala:381)


[test failure log] test name: BarnesHutSuite::Leaf with 1 body::1
scala.NotImplementedError: an implementation is missing
scala.Predef$.$qmark$qmark$qmark(Predef.scala:225)
barneshut.package$Leaf.<init>(package.scala:72)
barneshut.BarnesHutSuite$$anonfun$4.apply$mcV$sp(BarnesHutSuite.scala:57)
ch.epfl.lamp.grading.GradingSuite$$anonfun$test$1.apply$mcV$sp(GradingSuite.scala:118)
ch.epfl.lamp.grading.GradingSuite$$anonfun$test$1.apply(GradingSuite.scala:117)
ch.epfl.lamp.grading.GradingSuite$$anonfun$test$1.apply(GradingSuite.scala:117)
org.scalatest.Transformer$$anonfun$apply$1.apply$mcV$sp(Transformer.scala:22)
org.scalatest.OutcomeOf$class.outcomeOf(OutcomeOf.scala:85)
org.scalatest.OutcomeOf$.outcomeOf(OutcomeOf.scala:104)
org.scalatest.Transformer.apply(Transformer.scala:22)
org.scalatest.Transformer.apply(Transformer.scala:20)
org.scalatest.FunSuiteLike$$anon$1.apply(FunSuiteLike.scala:166)
org.scalatest.Suite$class.withFixture(Suite.scala:1122)
org.scalatest.FunSuite.withFixture(FunSuite.scala:1555)
org.scalatest.FunSuiteLike$class.invokeWithFixture$1(FunSuiteLike.scala:163)
org.scalatest.FunSuiteLike$$anonfun$runTest$1.apply(FunSuiteLike.scala:175)
org.scalatest.FunSuiteLike$$anonfun$runTest$1.apply(FunSuiteLike.scala:175)
org.scalatest.SuperEngine.runTestImpl(Engine.scala:306)
org.scalatest.FunSuiteLike$class.runTest(FunSuiteLike.scala:175)
org.scalatest.FunSuite.runTest(FunSuite.scala:1555)
org.scalatest.FunSuiteLike$$anonfun$runTests$1.apply(FunSuiteLike.scala:208)
org.scalatest.FunSuiteLike$$anonfun$runTests$1.apply(FunSuiteLike.scala:208)
org.scalatest.SuperEngine$$anonfun$traverseSubNodes$1$1.apply(Engine.scala:413)
org.scalatest.SuperEngine$$anonfun$traverseSubNodes$1$1.apply(Engine.scala:401)
scala.collection.immutable.List.foreach(List.scala:381)


[test failure log] test name: BarnesHutSuite::Leaf with 2 bodies::2
scala.NotImplementedError: an implementation is missing
scala.Predef$.$qmark$qmark$qmark(Predef.scala:225)
barneshut.package$Leaf.<init>(package.scala:72)
barneshut.BarnesHutSuite$$anonfun$5.apply$mcV$sp(BarnesHutSuite.scala:69)
ch.epfl.lamp.grading.GradingSuite$$anonfun$test$1.apply$mcV$sp(GradingSuite.scala:118)
ch.epfl.lamp.grading.GradingSuite$$anonfun$test$1.apply(GradingSuite.scala:117)
ch.epfl.lamp.grading.GradingSuite$$anonfun$test$1.apply(GradingSuite.scala:117)
org.scalatest.Transformer$$anonfun$apply$1.apply$mcV$sp(Transformer.scala:22)
org.scalatest.OutcomeOf$class.outcomeOf(OutcomeOf.scala:85)
org.scalatest.OutcomeOf$.outcomeOf(OutcomeOf.scala:104)
org.scalatest.Transformer.apply(Transformer.scala:22)
org.scalatest.Transformer.apply(Transformer.scala:20)
org.scalatest.FunSuiteLike$$anon$1.apply(FunSuiteLike.scala:166)
org.scalatest.Suite$class.withFixture(Suite.scala:1122)
org.scalatest.FunSuite.withFixture(FunSuite.scala:1555)
org.scalatest.FunSuiteLike$class.invokeWithFixture$1(FunSuiteLike.scala:163)
org.scalatest.FunSuiteLike$$anonfun$runTest$1.apply(FunSuiteLike.scala:175)
org.scalatest.FunSuiteLike$$anonfun$runTest$1.apply(FunSuiteLike.scala:175)
org.scalatest.SuperEngine.runTestImpl(Engine.scala:306)
org.scalatest.FunSuiteLike$class.runTest(FunSuiteLike.scala:175)
org.scalatest.FunSuite.runTest(FunSuite.scala:1555)
org.scalatest.FunSuiteLike$$anonfun$runTests$1.apply(FunSuiteLike.scala:208)
org.scalatest.FunSuiteLike$$anonfun$runTests$1.apply(FunSuiteLike.scala:208)
org.scalatest.SuperEngine$$anonfun$traverseSubNodes$1$1.apply(Engine.scala:413)
org.scalatest.SuperEngine$$anonfun$traverseSubNodes$1$1.apply(Engine.scala:401)
scala.collection.immutable.List.foreach(List.scala:381)


[test failure log] test name: BarnesHutSuite::Fork with 4 empty quadrants::2
scala.NotImplementedError: an implementation is missing
scala.Predef$.$qmark$qmark$qmark(Predef.scala:225)
barneshut.package$Fork.<init>(package.scala:57)
barneshut.BarnesHutSuite$$anonfun$6.apply$mcV$sp(BarnesHutSuite.scala:82)
ch.epfl.lamp.grading.GradingSuite$$anonfun$test$1.apply$mcV$sp(GradingSuite.scala:118)
ch.epfl.lamp.grading.GradingSuite$$anonfun$test$1.apply(GradingSuite.scala:117)
ch.epfl.lamp.grading.GradingSuite$$anonfun$test$1.apply(GradingSuite.scala:117)
org.scalatest.Transformer$$anonfun$apply$1.apply$mcV$sp(Transformer.scala:22)
org.scalatest.OutcomeOf$class.outcomeOf(OutcomeOf.scala:85)
org.scalatest.OutcomeOf$.outcomeOf(OutcomeOf.scala:104)
org.scalatest.Transformer.apply(Transformer.scala:22)
org.scalatest.Transformer.apply(Transformer.scala:20)
org.scalatest.FunSuiteLike$$anon$1.apply(FunSuiteLike.scala:166)
org.scalatest.Suite$class.withFixture(Suite.scala:1122)
org.scalatest.FunSuite.withFixture(FunSuite.scala:1555)
org.scalatest.FunSuiteLike$class.invokeWithFixture$1(FunSuiteLike.scala:163)
org.scalatest.FunSuiteLike$$anonfun$runTest$1.apply(FunSuiteLike.scala:175)
org.scalatest.FunSuiteLike$$anonfun$runTest$1.apply(FunSuiteLike.scala:175)
org.scalatest.SuperEngine.runTestImpl(Engine.scala:306)
org.scalatest.FunSuiteLike$class.runTest(FunSuiteLike.scala:175)
org.scalatest.FunSuite.runTest(FunSuite.scala:1555)
org.scalatest.FunSuiteLike$$anonfun$runTests$1.apply(FunSuiteLike.scala:208)
org.scalatest.FunSuiteLike$$anonfun$runTests$1.apply(FunSuiteLike.scala:208)
org.scalatest.SuperEngine$$anonfun$traverseSubNodes$1$1.apply(Engine.scala:413)
org.scalatest.SuperEngine$$anonfun$traverseSubNodes$1$1.apply(Engine.scala:401)
scala.collection.immutable.List.foreach(List.scala:381)


[test failure log] test name: BarnesHutSuite::Fork with 3 empty quadrants and 1 leaf (nw)::1
scala.NotImplementedError: an implementation is missing
scala.Predef$.$qmark$qmark$qmark(Predef.scala:225)
barneshut.package$Leaf.<init>(package.scala:72)
barneshut.BarnesHutSuite$$anonfun$7.apply$mcV$sp(BarnesHutSuite.scala:100)
ch.epfl.lamp.grading.GradingSuite$$anonfun$test$1.apply$mcV$sp(GradingSuite.scala:118)
ch.epfl.lamp.grading.GradingSuite$$anonfun$test$1.apply(GradingSuite.scala:117)
ch.epfl.lamp.grading.GradingSuite$$anonfun$test$1.apply(GradingSuite.scala:117)
org.scalatest.Transformer$$anonfun$apply$1.apply$mcV$sp(Transformer.scala:22)
org.scalatest.OutcomeOf$class.outcomeOf(OutcomeOf.scala:85)
org.scalatest.OutcomeOf$.outcomeOf(OutcomeOf.scala:104)
org.scalatest.Transformer.apply(Transformer.scala:22)
org.scalatest.Transformer.apply(Transformer.scala:20)
org.scalatest.FunSuiteLike$$anon$1.apply(FunSuiteLike.scala:166)
org.scalatest.Suite$class.withFixture(Suite.scala:1122)
org.scalatest.FunSuite.withFixture(FunSuite.scala:1555)
org.scalatest.FunSuiteLike$class.invokeWithFixture$1(FunSuiteLike.scala:163)
org.scalatest.FunSuiteLike$$anonfun$runTest$1.apply(FunSuiteLike.scala:175)
org.scalatest.FunSuiteLike$$anonfun$runTest$1.apply(FunSuiteLike.scala:175)
org.scalatest.SuperEngine.runTestImpl(Engine.scala:306)
org.scalatest.FunSuiteLike$class.runTest(FunSuiteLike.scala:175)
org.scalatest.FunSuite.runTest(FunSuite.scala:1555)
org.scalatest.FunSuiteLike$$anonfun$runTests$1.apply(FunSuiteLike.scala:208)
org.scalatest.FunSuiteLike$$anonfun$runTests$1.apply(FunSuiteLike.scala:208)
org.scalatest.SuperEngine$$anonfun$traverseSubNodes$1$1.apply(Engine.scala:413)
org.scalatest.SuperEngine$$anonfun$traverseSubNodes$1$1.apply(Engine.scala:401)
scala.collection.immutable.List.foreach(List.scala:381)


[test failure log] test name: BarnesHutSuite::Fork with 3 empty quadrants and 1 leaf (ne)::1
scala.NotImplementedError: an implementation is missing
scala.Predef$.$qmark$qmark$qmark(Predef.scala:225)
barneshut.package$Leaf.<init>(package.scala:72)
barneshut.BarnesHutSuite$$anonfun$8.apply$mcV$sp(BarnesHutSuite.scala:118)
ch.epfl.lamp.grading.GradingSuite$$anonfun$test$1.apply$mcV$sp(GradingSuite.scala:118)
ch.epfl.lamp.grading.GradingSuite$$anonfun$test$1.apply(GradingSuite.scala:117)
ch.epfl.lamp.grading.GradingSuite$$anonfun$test$1.apply(GradingSuite.scala:117)
org.scalatest.Transformer$$anonfun$apply$1.apply$mcV$sp(Transformer.scala:22)
org.scalatest.OutcomeOf$class.outcomeOf(OutcomeOf.scala:85)
org.scalatest.OutcomeOf$.outcomeOf(OutcomeOf.scala:104)
org.scalatest.Transformer.apply(Transformer.scala:22)
org.scalatest.Transformer.apply(Transformer.scala:20)
org.scalatest.FunSuiteLike$$anon$1.apply(FunSuiteLike.scala:166)
org.scalatest.Suite$class.withFixture(Suite.scala:1122)
org.scalatest.FunSuite.withFixture(FunSuite.scala:1555)
org.scalatest.FunSuiteLike$class.invokeWithFixture$1(FunSuiteLike.scala:163)
org.scalatest.FunSuiteLike$$anonfun$runTest$1.apply(FunSuiteLike.scala:175)
org.scalatest.FunSuiteLike$$anonfun$runTest$1.apply(FunSuiteLike.scala:175)
org.scalatest.SuperEngine.runTestImpl(Engine.scala:306)
org.scalatest.FunSuiteLike$class.runTest(FunSuiteLike.scala:175)
org.scalatest.FunSuite.runTest(FunSuite.scala:1555)
org.scalatest.FunSuiteLike$$anonfun$runTests$1.apply(FunSuiteLike.scala:208)
org.scalatest.FunSuiteLike$$anonfun$runTests$1.apply(FunSuiteLike.scala:208)
org.scalatest.SuperEngine$$anonfun$traverseSubNodes$1$1.apply(Engine.scala:413)
org.scalatest.SuperEngine$$anonfun$traverseSubNodes$1$1.apply(Engine.scala:401)
scala.collection.immutable.List.foreach(List.scala:381)


[test failure log] test name: BarnesHutSuite::Fork with 3 empty quadrants and 1 leaf (sw)::1
scala.NotImplementedError: an implementation is missing
scala.Predef$.$qmark$qmark$qmark(Predef.scala:225)
barneshut.package$Leaf.<init>(package.scala:72)
barneshut.BarnesHutSuite$$anonfun$9.apply$mcV$sp(BarnesHutSuite.scala:135)
ch.epfl.lamp.grading.GradingSuite$$anonfun$test$1.apply$mcV$sp(GradingSuite.scala:118)
ch.epfl.lamp.grading.GradingSuite$$anonfun$test$1.apply(GradingSuite.scala:117)
ch.epfl.lamp.grading.GradingSuite$$anonfun$test$1.apply(GradingSuite.scala:117)
org.scalatest.Transformer$$anonfun$apply$1.apply$mcV$sp(Transformer.scala:22)
org.scalatest.OutcomeOf$class.outcomeOf(OutcomeOf.scala:85)
org.scalatest.OutcomeOf$.outcomeOf(OutcomeOf.scala:104)
org.scalatest.Transformer.apply(Transformer.scala:22)
org.scalatest.Transformer.apply(Transformer.scala:20)
org.scalatest.FunSuiteLike$$anon$1.apply(FunSuiteLike.scala:166)
org.scalatest.Suite$class.withFixture(Suite.scala:1122)
org.scalatest.FunSuite.withFixture(FunSuite.scala:1555)
org.scalatest.FunSuiteLike$class.invokeWithFixture$1(FunSuiteLike.scala:163)
org.scalatest.FunSuiteLike$$anonfun$runTest$1.apply(FunSuiteLike.scala:175)
org.scalatest.FunSuiteLike$$anonfun$runTest$1.apply(FunSuiteLike.scala:175)
org.scalatest.SuperEngine.runTestImpl(Engine.scala:306)
org.scalatest.FunSuiteLike$class.runTest(FunSuiteLike.scala:175)
org.scalatest.FunSuite.runTest(FunSuite.scala:1555)
org.scalatest.FunSuiteLike$$anonfun$runTests$1.apply(FunSuiteLike.scala:208)
org.scalatest.FunSuiteLike$$anonfun$runTests$1.apply(FunSuiteLike.scala:208)
org.scalatest.SuperEngine$$anonfun$traverseSubNodes$1$1.apply(Engine.scala:413)
org.scalatest.SuperEngine$$anonfun$traverseSubNodes$1$1.apply(Engine.scala:401)
scala.collection.immutable.List.foreach(List.scala:381)


[test failure log] test name: BarnesHutSuite::Fork with 3 empty quadrants and 1 leaf (se)::1
scala.NotImplementedError: an implementation is missing
scala.Predef$.$qmark$qmark$qmark(Predef.scala:225)
barneshut.package$Leaf.<init>(package.scala:72)
barneshut.BarnesHutSuite$$anonfun$10.apply$mcV$sp(BarnesHutSuite.scala:152)
ch.epfl.lamp.grading.GradingSuite$$anonfun$test$1.apply$mcV$sp(GradingSuite.scala:118)
ch.epfl.lamp.grading.GradingSuite$$anonfun$test$1.apply(GradingSuite.scala:117)
ch.epfl.lamp.grading.GradingSuite$$anonfun$test$1.apply(GradingSuite.scala:117)
org.scalatest.Transformer$$anonfun$apply$1.apply$mcV$sp(Transformer.scala:22)
org.scalatest.OutcomeOf$class.outcomeOf(OutcomeOf.scala:85)
org.scalatest.OutcomeOf$.outcomeOf(OutcomeOf.scala:104)
org.scalatest.Transformer.apply(Transformer.scala:22)
org.scalatest.Transformer.apply(Transformer.scala:20)
org.scalatest.FunSuiteLike$$anon$1.apply(FunSuiteLike.scala:166)
org.scalatest.Suite$class.withFixture(Suite.scala:1122)
org.scalatest.FunSuite.withFixture(FunSuite.scala:1555)
org.scalatest.FunSuiteLike$class.invokeWithFixture$1(FunSuiteLike.scala:163)
org.scalatest.FunSuiteLike$$anonfun$runTest$1.apply(FunSuiteLike.scala:175)
org.scalatest.FunSuiteLike$$anonfun$runTest$1.apply(FunSuiteLike.scala:175)
org.scalatest.SuperEngine.runTestImpl(Engine.scala:306)
org.scalatest.FunSuiteLike$class.runTest(FunSuiteLike.scala:175)
org.scalatest.FunSuite.runTest(FunSuite.scala:1555)
org.scalatest.FunSuiteLike$$anonfun$runTests$1.apply(FunSuiteLike.scala:208)
org.scalatest.FunSuiteLike$$anonfun$runTests$1.apply(FunSuiteLike.scala:208)
org.scalatest.SuperEngine$$anonfun$traverseSubNodes$1$1.apply(Engine.scala:413)
org.scalatest.SuperEngine$$anonfun$traverseSubNodes$1$1.apply(Engine.scala:401)
scala.collection.immutable.List.foreach(List.scala:381)


[test failure log] test name: BarnesHutSuite::Fork with 4 leaves::2
scala.NotImplementedError: an implementation is missing
scala.Predef$.$qmark$qmark$qmark(Predef.scala:225)
barneshut.package$Leaf.<init>(package.scala:72)
barneshut.BarnesHutSuite$$anonfun$11.apply$mcV$sp(BarnesHutSuite.scala:168)
ch.epfl.lamp.grading.GradingSuite$$anonfun$test$1.apply$mcV$sp(GradingSuite.scala:118)
ch.epfl.lamp.grading.GradingSuite$$anonfun$test$1.apply(GradingSuite.scala:117)
ch.epfl.lamp.grading.GradingSuite$$anonfun$test$1.apply(GradingSuite.scala:117)
org.scalatest.Transformer$$anonfun$apply$1.apply$mcV$sp(Transformer.scala:22)
org.scalatest.OutcomeOf$class.outcomeOf(OutcomeOf.scala:85)
org.scalatest.OutcomeOf$.outcomeOf(OutcomeOf.scala:104)
org.scalatest.Transformer.apply(Transformer.scala:22)
org.scalatest.Transformer.apply(Transformer.scala:20)
org.scalatest.FunSuiteLike$$anon$1.apply(FunSuiteLike.scala:166)
org.scalatest.Suite$class.withFixture(Suite.scala:1122)
org.scalatest.FunSuite.withFixture(FunSuite.scala:1555)
org.scalatest.FunSuiteLike$class.invokeWithFixture$1(FunSuiteLike.scala:163)
org.scalatest.FunSuiteLike$$anonfun$runTest$1.apply(FunSuiteLike.scala:175)
org.scalatest.FunSuiteLike$$anonfun$runTest$1.apply(FunSuiteLike.scala:175)
org.scalatest.SuperEngine.runTestImpl(Engine.scala:306)
org.scalatest.FunSuiteLike$class.runTest(FunSuiteLike.scala:175)
org.scalatest.FunSuite.runTest(FunSuite.scala:1555)
org.scalatest.FunSuiteLike$$anonfun$runTests$1.apply(FunSuiteLike.scala:208)
org.scalatest.FunSuiteLike$$anonfun$runTests$1.apply(FunSuiteLike.scala:208)
org.scalatest.SuperEngine$$anonfun$traverseSubNodes$1$1.apply(Engine.scala:413)
org.scalatest.SuperEngine$$anonfun$traverseSubNodes$1$1.apply(Engine.scala:401)
scala.collection.immutable.List.foreach(List.scala:381)


[test failure log] test name: BarnesHutSuite::Empty.insert(b) should return a Leaf with only that body::2
scala.NotImplementedError: an implementation is missing
scala.Predef$.$qmark$qmark$qmark(Predef.scala:225)
barneshut.package$Empty.insert(package.scala:51)
barneshut.BarnesHutSuite$$anonfun$12.apply$mcV$sp(BarnesHutSuite.scala:191)
ch.epfl.lamp.grading.GradingSuite$$anonfun$test$1.apply$mcV$sp(GradingSuite.scala:118)
ch.epfl.lamp.grading.GradingSuite$$anonfun$test$1.apply(GradingSuite.scala:117)
ch.epfl.lamp.grading.GradingSuite$$anonfun$test$1.apply(GradingSuite.scala:117)
org.scalatest.Transformer$$anonfun$apply$1.apply$mcV$sp(Transformer.scala:22)
org.scalatest.OutcomeOf$class.outcomeOf(OutcomeOf.scala:85)
org.scalatest.OutcomeOf$.outcomeOf(OutcomeOf.scala:104)
org.scalatest.Transformer.apply(Transformer.scala:22)
org.scalatest.Transformer.apply(Transformer.scala:20)
org.scalatest.FunSuiteLike$$anon$1.apply(FunSuiteLike.scala:166)
org.scalatest.Suite$class.withFixture(Suite.scala:1122)
org.scalatest.FunSuite.withFixture(FunSuite.scala:1555)
org.scalatest.FunSuiteLike$class.invokeWithFixture$1(FunSuiteLike.scala:163)
org.scalatest.FunSuiteLike$$anonfun$runTest$1.apply(FunSuiteLike.scala:175)
org.scalatest.FunSuiteLike$$anonfun$runTest$1.apply(FunSuiteLike.scala:175)
org.scalatest.SuperEngine.runTestImpl(Engine.scala:306)
org.scalatest.FunSuiteLike$class.runTest(FunSuiteLike.scala:175)
org.scalatest.FunSuite.runTest(FunSuite.scala:1555)
org.scalatest.FunSuiteLike$$anonfun$runTests$1.apply(FunSuiteLike.scala:208)
org.scalatest.FunSuiteLike$$anonfun$runTests$1.apply(FunSuiteLike.scala:208)
org.scalatest.SuperEngine$$anonfun$traverseSubNodes$1$1.apply(Engine.scala:413)
org.scalatest.SuperEngine$$anonfun$traverseSubNodes$1$1.apply(Engine.scala:401)
scala.collection.immutable.List.foreach(List.scala:381)


[test failure log] test name: BarnesHutSuite::Leaf.insert(b) should return another Leaf if size < minimumSize::2
scala.NotImplementedError: an implementation is missing
scala.Predef$.$qmark$qmark$qmark(Predef.scala:225)
barneshut.package$Leaf.<init>(package.scala:72)
barneshut.BarnesHutSuite$$anonfun$13.apply$mcV$sp(BarnesHutSuite.scala:208)
ch.epfl.lamp.grading.GradingSuite$$anonfun$test$1.apply$mcV$sp(GradingSuite.scala:118)
ch.epfl.lamp.grading.GradingSuite$$anonfun$test$1.apply(GradingSuite.scala:117)
ch.epfl.lamp.grading.GradingSuite$$anonfun$test$1.apply(GradingSuite.scala:117)
org.scalatest.Transformer$$anonfun$apply$1.apply$mcV$sp(Transformer.scala:22)
org.scalatest.OutcomeOf$class.outcomeOf(OutcomeOf.scala:85)
org.scalatest.OutcomeOf$.outcomeOf(OutcomeOf.scala:104)
org.scalatest.Transformer.apply(Transformer.scala:22)
org.scalatest.Transformer.apply(Transformer.scala:20)
org.scalatest.FunSuiteLike$$anon$1.apply(FunSuiteLike.scala:166)
org.scalatest.Suite$class.withFixture(Suite.scala:1122)
org.scalatest.FunSuite.withFixture(FunSuite.scala:1555)
org.scalatest.FunSuiteLike$class.invokeWithFixture$1(FunSuiteLike.scala:163)
org.scalatest.FunSuiteLike$$anonfun$runTest$1.apply(FunSuiteLike.scala:175)
org.scalatest.FunSuiteLike$$anonfun$runTest$1.apply(FunSuiteLike.scala:175)
org.scalatest.SuperEngine.runTestImpl(Engine.scala:306)
org.scalatest.FunSuiteLike$class.runTest(FunSuiteLike.scala:175)
org.scalatest.FunSuite.runTest(FunSuite.scala:1555)
org.scalatest.FunSuiteLike$$anonfun$runTests$1.apply(FunSuiteLike.scala:208)
org.scalatest.FunSuiteLike$$anonfun$runTests$1.apply(FunSuiteLike.scala:208)
org.scalatest.SuperEngine$$anonfun$traverseSubNodes$1$1.apply(Engine.scala:413)
org.scalatest.SuperEngine$$anonfun$traverseSubNodes$1$1.apply(Engine.scala:401)
scala.collection.immutable.List.foreach(List.scala:381)


[test failure log] test name: BarnesHutSuite::Leaf.insert(b) should return a new Fork if size > minimumSize::2
scala.NotImplementedError: an implementation is missing
scala.Predef$.$qmark$qmark$qmark(Predef.scala:225)
barneshut.package$Leaf.<init>(package.scala:72)
barneshut.BarnesHutSuite$$anonfun$14.apply$mcV$sp(BarnesHutSuite.scala:233)
ch.epfl.lamp.grading.GradingSuite$$anonfun$test$1.apply$mcV$sp(GradingSuite.scala:118)
ch.epfl.lamp.grading.GradingSuite$$anonfun$test$1.apply(GradingSuite.scala:117)
ch.epfl.lamp.grading.GradingSuite$$anonfun$test$1.apply(GradingSuite.scala:117)
org.scalatest.Transformer$$anonfun$apply$1.apply$mcV$sp(Transformer.scala:22)
org.scalatest.OutcomeOf$class.outcomeOf(OutcomeOf.scala:85)
org.scalatest.OutcomeOf$.outcomeOf(OutcomeOf.scala:104)
org.scalatest.Transformer.apply(Transformer.scala:22)
org.scalatest.Transformer.apply(Transformer.scala:20)
org.scalatest.FunSuiteLike$$anon$1.apply(FunSuiteLike.scala:166)
org.scalatest.Suite$class.withFixture(Suite.scala:1122)
org.scalatest.FunSuite.withFixture(FunSuite.scala:1555)
org.scalatest.FunSuiteLike$class.invokeWithFixture$1(FunSuiteLike.scala:163)
org.scalatest.FunSuiteLike$$anonfun$runTest$1.apply(FunSuiteLike.scala:175)
org.scalatest.FunSuiteLike$$anonfun$runTest$1.apply(FunSuiteLike.scala:175)
org.scalatest.SuperEngine.runTestImpl(Engine.scala:306)
org.scalatest.FunSuiteLike$class.runTest(FunSuiteLike.scala:175)
org.scalatest.FunSuite.runTest(FunSuite.scala:1555)
org.scalatest.FunSuiteLike$$anonfun$runTests$1.apply(FunSuiteLike.scala:208)
org.scalatest.FunSuiteLike$$anonfun$runTests$1.apply(FunSuiteLike.scala:208)
org.scalatest.SuperEngine$$anonfun$traverseSubNodes$1$1.apply(Engine.scala:413)
org.scalatest.SuperEngine$$anonfun$traverseSubNodes$1$1.apply(Engine.scala:401)
scala.collection.immutable.List.foreach(List.scala:381)


[test failure log] test name: BarnesHutSuite::Fork.insert(b) should insert recursively in the appropriate quadrant::2
scala.NotImplementedError: an implementation is missing
scala.Predef$.$qmark$qmark$qmark(Predef.scala:225)
barneshut.package$Leaf.<init>(package.scala:72)
barneshut.BarnesHutSuite$$anonfun$15.apply$mcV$sp(BarnesHutSuite.scala:296)
ch.epfl.lamp.grading.GradingSuite$$anonfun$test$1.apply$mcV$sp(GradingSuite.scala:118)
ch.epfl.lamp.grading.GradingSuite$$anonfun$test$1.apply(GradingSuite.scala:117)
ch.epfl.lamp.grading.GradingSuite$$anonfun$test$1.apply(GradingSuite.scala:117)
org.scalatest.Transformer$$anonfun$apply$1.apply$mcV$sp(Transformer.scala:22)
org.scalatest.OutcomeOf$class.outcomeOf(OutcomeOf.scala:85)
org.scalatest.OutcomeOf$.outcomeOf(OutcomeOf.scala:104)
org.scalatest.Transformer.apply(Transformer.scala:22)
org.scalatest.Transformer.apply(Transformer.scala:20)
org.scalatest.FunSuiteLike$$anon$1.apply(FunSuiteLike.scala:166)
org.scalatest.Suite$class.withFixture(Suite.scala:1122)
org.scalatest.FunSuite.withFixture(FunSuite.scala:1555)
org.scalatest.FunSuiteLike$class.invokeWithFixture$1(FunSuiteLike.scala:163)
org.scalatest.FunSuiteLike$$anonfun$runTest$1.apply(FunSuiteLike.scala:175)
org.scalatest.FunSuiteLike$$anonfun$runTest$1.apply(FunSuiteLike.scala:175)
org.scalatest.SuperEngine.runTestImpl(Engine.scala:306)
org.scalatest.FunSuiteLike$class.runTest(FunSuiteLike.scala:175)
org.scalatest.FunSuite.runTest(FunSuite.scala:1555)
org.scalatest.FunSuiteLike$$anonfun$runTests$1.apply(FunSuiteLike.scala:208)
org.scalatest.FunSuiteLike$$anonfun$runTests$1.apply(FunSuiteLike.scala:208)
org.scalatest.SuperEngine$$anonfun$traverseSubNodes$1$1.apply(Engine.scala:413)
org.scalatest.SuperEngine$$anonfun$traverseSubNodes$1$1.apply(Engine.scala:401)
scala.collection.immutable.List.foreach(List.scala:381)


[test failure log] test name: BarnesHutSuite::'insert' should work correctly on an empty cell with center (1,1) and size 2::2
scala.NotImplementedError: an implementation is missing
scala.Predef$.$qmark$qmark$qmark(Predef.scala:225)
barneshut.package$Leaf.<init>(package.scala:72)
barneshut.BarnesHutSuite$$anonfun$16.apply$mcV$sp(BarnesHutSuite.scala:363)
ch.epfl.lamp.grading.GradingSuite$$anonfun$test$1.apply$mcV$sp(GradingSuite.scala:118)
ch.epfl.lamp.grading.GradingSuite$$anonfun$test$1.apply(GradingSuite.scala:117)
ch.epfl.lamp.grading.GradingSuite$$anonfun$test$1.apply(GradingSuite.scala:117)
org.scalatest.Transformer$$anonfun$apply$1.apply$mcV$sp(Transformer.scala:22)
org.scalatest.OutcomeOf$class.outcomeOf(OutcomeOf.scala:85)
org.scalatest.OutcomeOf$.outcomeOf(OutcomeOf.scala:104)
org.scalatest.Transformer.apply(Transformer.scala:22)
org.scalatest.Transformer.apply(Transformer.scala:20)
org.scalatest.FunSuiteLike$$anon$1.apply(FunSuiteLike.scala:166)
org.scalatest.Suite$class.withFixture(Suite.scala:1122)
org.scalatest.FunSuite.withFixture(FunSuite.scala:1555)
org.scalatest.FunSuiteLike$class.invokeWithFixture$1(FunSuiteLike.scala:163)
org.scalatest.FunSuiteLike$$anonfun$runTest$1.apply(FunSuiteLike.scala:175)
org.scalatest.FunSuiteLike$$anonfun$runTest$1.apply(FunSuiteLike.scala:175)
org.scalatest.SuperEngine.runTestImpl(Engine.scala:306)
org.scalatest.FunSuiteLike$class.runTest(FunSuiteLike.scala:175)
org.scalatest.FunSuite.runTest(FunSuite.scala:1555)
org.scalatest.FunSuiteLike$$anonfun$runTests$1.apply(FunSuiteLike.scala:208)
org.scalatest.FunSuiteLike$$anonfun$runTests$1.apply(FunSuiteLike.scala:208)
org.scalatest.SuperEngine$$anonfun$traverseSubNodes$1$1.apply(Engine.scala:413)
org.scalatest.SuperEngine$$anonfun$traverseSubNodes$1$1.apply(Engine.scala:401)
scala.collection.immutable.List.foreach(List.scala:381)


[test failure log] test name: BarnesHutSuite::'insert' should work correctly on a leaf with center (1,1) and size 2::2
scala.NotImplementedError: an implementation is missing
scala.Predef$.$qmark$qmark$qmark(Predef.scala:225)
barneshut.package$Leaf.<init>(package.scala:72)
barneshut.BarnesHutSuite$$anonfun$17.apply$mcV$sp(BarnesHutSuite.scala:371)
ch.epfl.lamp.grading.GradingSuite$$anonfun$test$1.apply$mcV$sp(GradingSuite.scala:118)
ch.epfl.lamp.grading.GradingSuite$$anonfun$test$1.apply(GradingSuite.scala:117)
ch.epfl.lamp.grading.GradingSuite$$anonfun$test$1.apply(GradingSuite.scala:117)
org.scalatest.Transformer$$anonfun$apply$1.apply$mcV$sp(Transformer.scala:22)
org.scalatest.OutcomeOf$class.outcomeOf(OutcomeOf.scala:85)
org.scalatest.OutcomeOf$.outcomeOf(OutcomeOf.scala:104)
org.scalatest.Transformer.apply(Transformer.scala:22)
org.scalatest.Transformer.apply(Transformer.scala:20)
org.scalatest.FunSuiteLike$$anon$1.apply(FunSuiteLike.scala:166)
org.scalatest.Suite$class.withFixture(Suite.scala:1122)
org.scalatest.FunSuite.withFixture(FunSuite.scala:1555)
org.scalatest.FunSuiteLike$class.invokeWithFixture$1(FunSuiteLike.scala:163)
org.scalatest.FunSuiteLike$$anonfun$runTest$1.apply(FunSuiteLike.scala:175)
org.scalatest.FunSuiteLike$$anonfun$runTest$1.apply(FunSuiteLike.scala:175)
org.scalatest.SuperEngine.runTestImpl(Engine.scala:306)
org.scalatest.FunSuiteLike$class.runTest(FunSuiteLike.scala:175)
org.scalatest.FunSuite.runTest(FunSuite.scala:1555)
org.scalatest.FunSuiteLike$$anonfun$runTests$1.apply(FunSuiteLike.scala:208)
org.scalatest.FunSuiteLike$$anonfun$runTests$1.apply(FunSuiteLike.scala:208)
org.scalatest.SuperEngine$$anonfun$traverseSubNodes$1$1.apply(Engine.scala:413)
org.scalatest.SuperEngine$$anonfun$traverseSubNodes$1$1.apply(Engine.scala:401)
scala.collection.immutable.List.foreach(List.scala:381)


[test failure log] test name: BarnesHutSuite::'insert' should work correctly on a leaf with center (1,1) and size <= minimumSize::2
scala.NotImplementedError: an implementation is missing
scala.Predef$.$qmark$qmark$qmark(Predef.scala:225)
barneshut.package$Leaf.<init>(package.scala:72)
barneshut.BarnesHutSuite$$anonfun$18.apply$mcV$sp(BarnesHutSuite.scala:382)
ch.epfl.lamp.grading.GradingSuite$$anonfun$test$1.apply$mcV$sp(GradingSuite.scala:118)
ch.epfl.lamp.grading.GradingSuite$$anonfun$test$1.apply(GradingSuite.scala:117)
ch.epfl.lamp.grading.GradingSuite$$anonfun$test$1.apply(GradingSuite.scala:117)
org.scalatest.Transformer$$anonfun$apply$1.apply$mcV$sp(Transformer.scala:22)
org.scalatest.OutcomeOf$class.outcomeOf(OutcomeOf.scala:85)
org.scalatest.OutcomeOf$.outcomeOf(OutcomeOf.scala:104)
org.scalatest.Transformer.apply(Transformer.scala:22)
org.scalatest.Transformer.apply(Transformer.scala:20)
org.scalatest.FunSuiteLike$$anon$1.apply(FunSuiteLike.scala:166)
org.scalatest.Suite$class.withFixture(Suite.scala:1122)
org.scalatest.FunSuite.withFixture(FunSuite.scala:1555)
org.scalatest.FunSuiteLike$class.invokeWithFixture$1(FunSuiteLike.scala:163)
org.scalatest.FunSuiteLike$$anonfun$runTest$1.apply(FunSuiteLike.scala:175)
org.scalatest.FunSuiteLike$$anonfun$runTest$1.apply(FunSuiteLike.scala:175)
org.scalatest.SuperEngine.runTestImpl(Engine.scala:306)
org.scalatest.FunSuiteLike$class.runTest(FunSuiteLike.scala:175)
org.scalatest.FunSuite.runTest(FunSuite.scala:1555)
org.scalatest.FunSuiteLike$$anonfun$runTests$1.apply(FunSuiteLike.scala:208)
org.scalatest.FunSuiteLike$$anonfun$runTests$1.apply(FunSuiteLike.scala:208)
org.scalatest.SuperEngine$$anonfun$traverseSubNodes$1$1.apply(Engine.scala:413)
org.scalatest.SuperEngine$$anonfun$traverseSubNodes$1$1.apply(Engine.scala:401)
scala.collection.immutable.List.foreach(List.scala:381)


[test failure log] test name: BarnesHutSuite::Body.updated should take bodies in a Leaf into account::2
scala.NotImplementedError: an implementation is missing
scala.Predef$.$qmark$qmark$qmark(Predef.scala:225)
barneshut.package$Leaf.<init>(package.scala:72)
barneshut.BarnesHutSuite$$anonfun$20.apply$mcV$sp(BarnesHutSuite.scala:419)
ch.epfl.lamp.grading.GradingSuite$$anonfun$test$1.apply$mcV$sp(GradingSuite.scala:118)
ch.epfl.lamp.grading.GradingSuite$$anonfun$test$1.apply(GradingSuite.scala:117)
ch.epfl.lamp.grading.GradingSuite$$anonfun$test$1.apply(GradingSuite.scala:117)
org.scalatest.Transformer$$anonfun$apply$1.apply$mcV$sp(Transformer.scala:22)
org.scalatest.OutcomeOf$class.outcomeOf(OutcomeOf.scala:85)
org.scalatest.OutcomeOf$.outcomeOf(OutcomeOf.scala:104)
org.scalatest.Transformer.apply(Transformer.scala:22)
org.scalatest.Transformer.apply(Transformer.scala:20)
org.scalatest.FunSuiteLike$$anon$1.apply(FunSuiteLike.scala:166)
org.scalatest.Suite$class.withFixture(Suite.scala:1122)
org.scalatest.FunSuite.withFixture(FunSuite.scala:1555)
org.scalatest.FunSuiteLike$class.invokeWithFixture$1(FunSuiteLike.scala:163)
org.scalatest.FunSuiteLike$$anonfun$runTest$1.apply(FunSuiteLike.scala:175)
org.scalatest.FunSuiteLike$$anonfun$runTest$1.apply(FunSuiteLike.scala:175)
org.scalatest.SuperEngine.runTestImpl(Engine.scala:306)
org.scalatest.FunSuiteLike$class.runTest(FunSuiteLike.scala:175)
org.scalatest.FunSuite.runTest(FunSuite.scala:1555)
org.scalatest.FunSuiteLike$$anonfun$runTests$1.apply(FunSuiteLike.scala:208)
org.scalatest.FunSuiteLike$$anonfun$runTests$1.apply(FunSuiteLike.scala:208)
org.scalatest.SuperEngine$$anonfun$traverseSubNodes$1$1.apply(Engine.scala:413)
org.scalatest.SuperEngine$$anonfun$traverseSubNodes$1$1.apply(Engine.scala:401)
scala.collection.immutable.List.foreach(List.scala:381)


[test failure log] test name: BarnesHutSuite::Body.updated should not count the interaction with itself in a Leaf::2
scala.NotImplementedError: an implementation is missing
scala.Predef$.$qmark$qmark$qmark(Predef.scala:225)
barneshut.package$Leaf.<init>(package.scala:72)
barneshut.BarnesHutSuite$$anonfun$21.apply$mcV$sp(BarnesHutSuite.scala:433)
ch.epfl.lamp.grading.GradingSuite$$anonfun$test$1.apply$mcV$sp(GradingSuite.scala:118)
ch.epfl.lamp.grading.GradingSuite$$anonfun$test$1.apply(GradingSuite.scala:117)
ch.epfl.lamp.grading.GradingSuite$$anonfun$test$1.apply(GradingSuite.scala:117)
org.scalatest.Transformer$$anonfun$apply$1.apply$mcV$sp(Transformer.scala:22)
org.scalatest.OutcomeOf$class.outcomeOf(OutcomeOf.scala:85)
org.scalatest.OutcomeOf$.outcomeOf(OutcomeOf.scala:104)
org.scalatest.Transformer.apply(Transformer.scala:22)
org.scalatest.Transformer.apply(Transformer.scala:20)
org.scalatest.FunSuiteLike$$anon$1.apply(FunSuiteLike.scala:166)
org.scalatest.Suite$class.withFixture(Suite.scala:1122)
org.scalatest.FunSuite.withFixture(FunSuite.scala:1555)
org.scalatest.FunSuiteLike$class.invokeWithFixture$1(FunSuiteLike.scala:163)
org.scalatest.FunSuiteLike$$anonfun$runTest$1.apply(FunSuiteLike.scala:175)
org.scalatest.FunSuiteLike$$anonfun$runTest$1.apply(FunSuiteLike.scala:175)
org.scalatest.SuperEngine.runTestImpl(Engine.scala:306)
org.scalatest.FunSuiteLike$class.runTest(FunSuiteLike.scala:175)
org.scalatest.FunSuite.runTest(FunSuite.scala:1555)
org.scalatest.FunSuiteLike$$anonfun$runTests$1.apply(FunSuiteLike.scala:208)
org.scalatest.FunSuiteLike$$anonfun$runTests$1.apply(FunSuiteLike.scala:208)
org.scalatest.SuperEngine$$anonfun$traverseSubNodes$1$1.apply(Engine.scala:413)
org.scalatest.SuperEngine$$anonfun$traverseSubNodes$1$1.apply(Engine.scala:401)
scala.collection.immutable.List.foreach(List.scala:381)


[test failure log] test name: BarnesHutSuite::Body.updated should recursively traverse a Fork close to it::2
scala.NotImplementedError: an implementation is missing
scala.Predef$.$qmark$qmark$qmark(Predef.scala:225)
barneshut.package$Leaf.<init>(package.scala:72)
barneshut.BarnesHutSuite$$anonfun$22.apply$mcV$sp(BarnesHutSuite.scala:450)
ch.epfl.lamp.grading.GradingSuite$$anonfun$test$1.apply$mcV$sp(GradingSuite.scala:118)
ch.epfl.lamp.grading.GradingSuite$$anonfun$test$1.apply(GradingSuite.scala:117)
ch.epfl.lamp.grading.GradingSuite$$anonfun$test$1.apply(GradingSuite.scala:117)
org.scalatest.Transformer$$anonfun$apply$1.apply$mcV$sp(Transformer.scala:22)
org.scalatest.OutcomeOf$class.outcomeOf(OutcomeOf.scala:85)
org.scalatest.OutcomeOf$.outcomeOf(OutcomeOf.scala:104)
org.scalatest.Transformer.apply(Transformer.scala:22)
org.scalatest.Transformer.apply(Transformer.scala:20)
org.scalatest.FunSuiteLike$$anon$1.apply(FunSuiteLike.scala:166)
org.scalatest.Suite$class.withFixture(Suite.scala:1122)
org.scalatest.FunSuite.withFixture(FunSuite.scala:1555)
org.scalatest.FunSuiteLike$class.invokeWithFixture$1(FunSuiteLike.scala:163)
org.scalatest.FunSuiteLike$$anonfun$runTest$1.apply(FunSuiteLike.scala:175)
org.scalatest.FunSuiteLike$$anonfun$runTest$1.apply(FunSuiteLike.scala:175)
org.scalatest.SuperEngine.runTestImpl(Engine.scala:306)
org.scalatest.FunSuiteLike$class.runTest(FunSuiteLike.scala:175)
org.scalatest.FunSuite.runTest(FunSuite.scala:1555)
org.scalatest.FunSuiteLike$$anonfun$runTests$1.apply(FunSuiteLike.scala:208)
org.scalatest.FunSuiteLike$$anonfun$runTests$1.apply(FunSuiteLike.scala:208)
org.scalatest.SuperEngine$$anonfun$traverseSubNodes$1$1.apply(Engine.scala:413)
org.scalatest.SuperEngine$$anonfun$traverseSubNodes$1$1.apply(Engine.scala:401)
scala.collection.immutable.List.foreach(List.scala:381)


[test failure log] test name: BarnesHutSuite::Body.updated should consider a Fork as opaque if it is far away::2
scala.NotImplementedError: an implementation is missing
scala.Predef$.$qmark$qmark$qmark(Predef.scala:225)
barneshut.package$Leaf.<init>(package.scala:72)
barneshut.BarnesHutSuite$$anonfun$23.apply$mcV$sp(BarnesHutSuite.scala:473)
ch.epfl.lamp.grading.GradingSuite$$anonfun$test$1.apply$mcV$sp(GradingSuite.scala:118)
ch.epfl.lamp.grading.GradingSuite$$anonfun$test$1.apply(GradingSuite.scala:117)
ch.epfl.lamp.grading.GradingSuite$$anonfun$test$1.apply(GradingSuite.scala:117)
org.scalatest.Transformer$$anonfun$apply$1.apply$mcV$sp(Transformer.scala:22)
org.scalatest.OutcomeOf$class.outcomeOf(OutcomeOf.scala:85)
org.scalatest.OutcomeOf$.outcomeOf(OutcomeOf.scala:104)
org.scalatest.Transformer.apply(Transformer.scala:22)
org.scalatest.Transformer.apply(Transformer.scala:20)
org.scalatest.FunSuiteLike$$anon$1.apply(FunSuiteLike.scala:166)
org.scalatest.Suite$class.withFixture(Suite.scala:1122)
org.scalatest.FunSuite.withFixture(FunSuite.scala:1555)
org.scalatest.FunSuiteLike$class.invokeWithFixture$1(FunSuiteLike.scala:163)
org.scalatest.FunSuiteLike$$anonfun$runTest$1.apply(FunSuiteLike.scala:175)
org.scalatest.FunSuiteLike$$anonfun$runTest$1.apply(FunSuiteLike.scala:175)
org.scalatest.SuperEngine.runTestImpl(Engine.scala:306)
org.scalatest.FunSuiteLike$class.runTest(FunSuiteLike.scala:175)
org.scalatest.FunSuite.runTest(FunSuite.scala:1555)
org.scalatest.FunSuiteLike$$anonfun$runTests$1.apply(FunSuiteLike.scala:208)
org.scalatest.FunSuiteLike$$anonfun$runTests$1.apply(FunSuiteLike.scala:208)
org.scalatest.SuperEngine$$anonfun$traverseSubNodes$1$1.apply(Engine.scala:413)
org.scalatest.SuperEngine$$anonfun$traverseSubNodes$1$1.apply(Engine.scala:401)
scala.collection.immutable.List.foreach(List.scala:381)


[test failure log] test name: BarnesHutSuite::'SectorMatrix.+=' should add a body at (25,47) to the correct bucket of a sector matrix of size 96::2
scala.NotImplementedError: an implementation is missing
scala.Predef$.$qmark$qmark$qmark(Predef.scala:225)
barneshut.package$SectorMatrix.$plus$eq(package.scala:151)
barneshut.BarnesHutSuite$$anonfun$24.apply$mcV$sp(BarnesHutSuite.scala:503)
ch.epfl.lamp.grading.GradingSuite$$anonfun$test$1.apply$mcV$sp(GradingSuite.scala:118)
ch.epfl.lamp.grading.GradingSuite$$anonfun$test$1.apply(GradingSuite.scala:117)
ch.epfl.lamp.grading.GradingSuite$$anonfun$test$1.apply(GradingSuite.scala:117)
org.scalatest.Transformer$$anonfun$apply$1.apply$mcV$sp(Transformer.scala:22)
org.scalatest.OutcomeOf$class.outcomeOf(OutcomeOf.scala:85)
org.scalatest.OutcomeOf$.outcomeOf(OutcomeOf.scala:104)
org.scalatest.Transformer.apply(Transformer.scala:22)
org.scalatest.Transformer.apply(Transformer.scala:20)
org.scalatest.FunSuiteLike$$anon$1.apply(FunSuiteLike.scala:166)
org.scalatest.Suite$class.withFixture(Suite.scala:1122)
org.scalatest.FunSuite.withFixture(FunSuite.scala:1555)
org.scalatest.FunSuiteLike$class.invokeWithFixture$1(FunSuiteLike.scala:163)
org.scalatest.FunSuiteLike$$anonfun$runTest$1.apply(FunSuiteLike.scala:175)
org.scalatest.FunSuiteLike$$anonfun$runTest$1.apply(FunSuiteLike.scala:175)
org.scalatest.SuperEngine.runTestImpl(Engine.scala:306)
org.scalatest.FunSuiteLike$class.runTest(FunSuiteLike.scala:175)
org.scalatest.FunSuite.runTest(FunSuite.scala:1555)
org.scalatest.FunSuiteLike$$anonfun$runTests$1.apply(FunSuiteLike.scala:208)
org.scalatest.FunSuiteLike$$anonfun$runTests$1.apply(FunSuiteLike.scala:208)
org.scalatest.SuperEngine$$anonfun$traverseSubNodes$1$1.apply(Engine.scala:413)
org.scalatest.SuperEngine$$anonfun$traverseSubNodes$1$1.apply(Engine.scala:401)
scala.collection.immutable.List.foreach(List.scala:381)


[test failure log] test name: BarnesHutSuite::'SectorMatrix.+=' should add a body at (25,47) to the correct bucket of a sector matrix of size 100::2
scala.NotImplementedError: an implementation is missing
scala.Predef$.$qmark$qmark$qmark(Predef.scala:225)
barneshut.package$SectorMatrix.$plus$eq(package.scala:151)
barneshut.BarnesHutSuite$$anonfun$25.apply$mcV$sp(BarnesHutSuite.scala:517)
ch.epfl.lamp.grading.GradingSuite$$anonfun$test$1.apply$mcV$sp(GradingSuite.scala:118)
ch.epfl.lamp.grading.GradingSuite$$anonfun$test$1.apply(GradingSuite.scala:117)
ch.epfl.lamp.grading.GradingSuite$$anonfun$test$1.apply(GradingSuite.scala:117)
org.scalatest.Transformer$$anonfun$apply$1.apply$mcV$sp(Transformer.scala:22)
org.scalatest.OutcomeOf$class.outcomeOf(OutcomeOf.scala:85)
org.scalatest.OutcomeOf$.outcomeOf(OutcomeOf.scala:104)
org.scalatest.Transformer.apply(Transformer.scala:22)
org.scalatest.Transformer.apply(Transformer.scala:20)
org.scalatest.FunSuiteLike$$anon$1.apply(FunSuiteLike.scala:166)
org.scalatest.Suite$class.withFixture(Suite.scala:1122)
org.scalatest.FunSuite.withFixture(FunSuite.scala:1555)
org.scalatest.FunSuiteLike$class.invokeWithFixture$1(FunSuiteLike.scala:163)
org.scalatest.FunSuiteLike$$anonfun$runTest$1.apply(FunSuiteLike.scala:175)
org.scalatest.FunSuiteLike$$anonfun$runTest$1.apply(FunSuiteLike.scala:175)
org.scalatest.SuperEngine.runTestImpl(Engine.scala:306)
org.scalatest.FunSuiteLike$class.runTest(FunSuiteLike.scala:175)
org.scalatest.FunSuite.runTest(FunSuite.scala:1555)
org.scalatest.FunSuiteLike$$anonfun$runTests$1.apply(FunSuiteLike.scala:208)
org.scalatest.FunSuiteLike$$anonfun$runTests$1.apply(FunSuiteLike.scala:208)
org.scalatest.SuperEngine$$anonfun$traverseSubNodes$1$1.apply(Engine.scala:413)
org.scalatest.SuperEngine$$anonfun$traverseSubNodes$1$1.apply(Engine.scala:401)
scala.collection.immutable.List.foreach(List.scala:381)


[test failure log] test name: BarnesHutSuite::'SectorMatrix.+=' should add a body at (64,27) to the correct bucket of a sector matrix of size 108 when the sector precision is 12::2
scala.NotImplementedError: an implementation is missing
scala.Predef$.$qmark$qmark$qmark(Predef.scala:225)
barneshut.package$SectorMatrix.$plus$eq(package.scala:151)
barneshut.BarnesHutSuite$$anonfun$26.apply$mcV$sp(BarnesHutSuite.scala:531)
ch.epfl.lamp.grading.GradingSuite$$anonfun$test$1.apply$mcV$sp(GradingSuite.scala:118)
ch.epfl.lamp.grading.GradingSuite$$anonfun$test$1.apply(GradingSuite.scala:117)
ch.epfl.lamp.grading.GradingSuite$$anonfun$test$1.apply(GradingSuite.scala:117)
org.scalatest.Transformer$$anonfun$apply$1.apply$mcV$sp(Transformer.scala:22)
org.scalatest.OutcomeOf$class.outcomeOf(OutcomeOf.scala:85)
org.scalatest.OutcomeOf$.outcomeOf(OutcomeOf.scala:104)
org.scalatest.Transformer.apply(Transformer.scala:22)
org.scalatest.Transformer.apply(Transformer.scala:20)
org.scalatest.FunSuiteLike$$anon$1.apply(FunSuiteLike.scala:166)
org.scalatest.Suite$class.withFixture(Suite.scala:1122)
org.scalatest.FunSuite.withFixture(FunSuite.scala:1555)
org.scalatest.FunSuiteLike$class.invokeWithFixture$1(FunSuiteLike.scala:163)
org.scalatest.FunSuiteLike$$anonfun$runTest$1.apply(FunSuiteLike.scala:175)
org.scalatest.FunSuiteLike$$anonfun$runTest$1.apply(FunSuiteLike.scala:175)
org.scalatest.SuperEngine.runTestImpl(Engine.scala:306)
org.scalatest.FunSuiteLike$class.runTest(FunSuiteLike.scala:175)
org.scalatest.FunSuite.runTest(FunSuite.scala:1555)
org.scalatest.FunSuiteLike$$anonfun$runTests$1.apply(FunSuiteLike.scala:208)
org.scalatest.FunSuiteLike$$anonfun$runTests$1.apply(FunSuiteLike.scala:208)
org.scalatest.SuperEngine$$anonfun$traverseSubNodes$1$1.apply(Engine.scala:413)
org.scalatest.SuperEngine$$anonfun$traverseSubNodes$1$1.apply(Engine.scala:401)
scala.collection.immutable.List.foreach(List.scala:381)


[test failure log] test name: BarnesHutSuite::'SectorMatrix.combine' should correctly combine two sector matrices of size 96 containing points: (12, 34), (23, 45), (56, 9), (8, 79), (5, 99)::2
scala.NotImplementedError: an implementation is missing
scala.Predef$.$qmark$qmark$qmark(Predef.scala:225)
barneshut.package$SectorMatrix.$plus$eq(package.scala:151)
barneshut.BarnesHutSuite$$anonfun$27.apply$mcV$sp(BarnesHutSuite.scala:549)
ch.epfl.lamp.grading.GradingSuite$$anonfun$test$1.apply$mcV$sp(GradingSuite.scala:118)
ch.epfl.lamp.grading.GradingSuite$$anonfun$test$1.apply(GradingSuite.scala:117)
ch.epfl.lamp.grading.GradingSuite$$anonfun$test$1.apply(GradingSuite.scala:117)
org.scalatest.Transformer$$anonfun$apply$1.apply$mcV$sp(Transformer.scala:22)
org.scalatest.OutcomeOf$class.outcomeOf(OutcomeOf.scala:85)
org.scalatest.OutcomeOf$.outcomeOf(OutcomeOf.scala:104)
org.scalatest.Transformer.apply(Transformer.scala:22)
org.scalatest.Transformer.apply(Transformer.scala:20)
org.scalatest.FunSuiteLike$$anon$1.apply(FunSuiteLike.scala:166)
org.scalatest.Suite$class.withFixture(Suite.scala:1122)
org.scalatest.FunSuite.withFixture(FunSuite.scala:1555)
org.scalatest.FunSuiteLike$class.invokeWithFixture$1(FunSuiteLike.scala:163)
org.scalatest.FunSuiteLike$$anonfun$runTest$1.apply(FunSuiteLike.scala:175)
org.scalatest.FunSuiteLike$$anonfun$runTest$1.apply(FunSuiteLike.scala:175)
org.scalatest.SuperEngine.runTestImpl(Engine.scala:306)
org.scalatest.FunSuiteLike$class.runTest(FunSuiteLike.scala:175)
org.scalatest.FunSuite.runTest(FunSuite.scala:1555)
org.scalatest.FunSuiteLike$$anonfun$runTests$1.apply(FunSuiteLike.scala:208)
org.scalatest.FunSuiteLike$$anonfun$runTests$1.apply(FunSuiteLike.scala:208)
org.scalatest.SuperEngine$$anonfun$traverseSubNodes$1$1.apply(Engine.scala:413)
org.scalatest.SuperEngine$$anonfun$traverseSubNodes$1$1.apply(Engine.scala:401)
scala.collection.immutable.List.foreach(List.scala:381)


[test failure log] test name: BarnesHutSuite::'SectorMatrix.combine' should correctly combine two sector matrices of size 96 that contain some points in the same sector::2
scala.NotImplementedError: an implementation is missing
scala.Predef$.$qmark$qmark$qmark(Predef.scala:225)
barneshut.package$SectorMatrix.$plus$eq(package.scala:151)
barneshut.BarnesHutSuite$$anonfun$28.apply$mcV$sp(BarnesHutSuite.scala:579)
ch.epfl.lamp.grading.GradingSuite$$anonfun$test$1.apply$mcV$sp(GradingSuite.scala:118)
ch.epfl.lamp.grading.GradingSuite$$anonfun$test$1.apply(GradingSuite.scala:117)
ch.epfl.lamp.grading.GradingSuite$$anonfun$test$1.apply(GradingSuite.scala:117)
org.scalatest.Transformer$$anonfun$apply$1.apply$mcV$sp(Transformer.scala:22)
org.scalatest.OutcomeOf$class.outcomeOf(OutcomeOf.scala:85)
org.scalatest.OutcomeOf$.outcomeOf(OutcomeOf.scala:104)
org.scalatest.Transformer.apply(Transformer.scala:22)
org.scalatest.Transformer.apply(Transformer.scala:20)
org.scalatest.FunSuiteLike$$anon$1.apply(FunSuiteLike.scala:166)
org.scalatest.Suite$class.withFixture(Suite.scala:1122)
org.scalatest.FunSuite.withFixture(FunSuite.scala:1555)
org.scalatest.FunSuiteLike$class.invokeWithFixture$1(FunSuiteLike.scala:163)
org.scalatest.FunSuiteLike$$anonfun$runTest$1.apply(FunSuiteLike.scala:175)
org.scalatest.FunSuiteLike$$anonfun$runTest$1.apply(FunSuiteLike.scala:175)
org.scalatest.SuperEngine.runTestImpl(Engine.scala:306)
org.scalatest.FunSuiteLike$class.runTest(FunSuiteLike.scala:175)
org.scalatest.FunSuite.runTest(FunSuite.scala:1555)
org.scalatest.FunSuiteLike$$anonfun$runTests$1.apply(FunSuiteLike.scala:208)
org.scalatest.FunSuiteLike$$anonfun$runTests$1.apply(FunSuiteLike.scala:208)
org.scalatest.SuperEngine$$anonfun$traverseSubNodes$1$1.apply(Engine.scala:413)
org.scalatest.SuperEngine$$anonfun$traverseSubNodes$1$1.apply(Engine.scala:401)
scala.collection.immutable.List.foreach(List.scala:381)


[test failure log] test name: BarnesHutSuite::'updateBoundaries' should correctly update the boundary given a body at (3,5)::2
scala.NotImplementedError: an implementation is missing
scala.Predef$.$qmark$qmark$qmark(Predef.scala:225)
barneshut.Simulator.updateBoundaries(Simulator.scala:15)
barneshut.BarnesHutSuite$$anonfun$29.apply$mcV$sp(BarnesHutSuite.scala:605)
ch.epfl.lamp.grading.GradingSuite$$anonfun$test$1.apply$mcV$sp(GradingSuite.scala:118)
ch.epfl.lamp.grading.GradingSuite$$anonfun$test$1.apply(GradingSuite.scala:117)
ch.epfl.lamp.grading.GradingSuite$$anonfun$test$1.apply(GradingSuite.scala:117)
org.scalatest.Transformer$$anonfun$apply$1.apply$mcV$sp(Transformer.scala:22)
org.scalatest.OutcomeOf$class.outcomeOf(OutcomeOf.scala:85)
org.scalatest.OutcomeOf$.outcomeOf(OutcomeOf.scala:104)
org.scalatest.Transformer.apply(Transformer.scala:22)
org.scalatest.Transformer.apply(Transformer.scala:20)
org.scalatest.FunSuiteLike$$anon$1.apply(FunSuiteLike.scala:166)
org.scalatest.Suite$class.withFixture(Suite.scala:1122)
org.scalatest.FunSuite.withFixture(FunSuite.scala:1555)
org.scalatest.FunSuiteLike$class.invokeWithFixture$1(FunSuiteLike.scala:163)
org.scalatest.FunSuiteLike$$anonfun$runTest$1.apply(FunSuiteLike.scala:175)
org.scalatest.FunSuiteLike$$anonfun$runTest$1.apply(FunSuiteLike.scala:175)
org.scalatest.SuperEngine.runTestImpl(Engine.scala:306)
org.scalatest.FunSuiteLike$class.runTest(FunSuiteLike.scala:175)
org.scalatest.FunSuite.runTest(FunSuite.scala:1555)
org.scalatest.FunSuiteLike$$anonfun$runTests$1.apply(FunSuiteLike.scala:208)
org.scalatest.FunSuiteLike$$anonfun$runTests$1.apply(FunSuiteLike.scala:208)
org.scalatest.SuperEngine$$anonfun$traverseSubNodes$1$1.apply(Engine.scala:413)
org.scalatest.SuperEngine$$anonfun$traverseSubNodes$1$1.apply(Engine.scala:401)
scala.collection.immutable.List.foreach(List.scala:381)


[test failure log] test name: BarnesHutSuite::'updateBoundaries' should correctly update the boundary when invoked repeatedly with points in the range (0,0) to (100,100)::2
scala.NotImplementedError: an implementation is missing
scala.Predef$.$qmark$qmark$qmark(Predef.scala:225)
barneshut.Simulator.updateBoundaries(Simulator.scala:15)
barneshut.BarnesHutSuite$$anonfun$30$$anonfun$47.apply(BarnesHutSuite.scala:616)
barneshut.BarnesHutSuite$$anonfun$30$$anonfun$47.apply(BarnesHutSuite.scala:616)
scala.collection.LinearSeqOptimized$class.foldLeft(LinearSeqOptimized.scala:124)
scala.collection.immutable.List.foldLeft(List.scala:84)
barneshut.BarnesHutSuite$$anonfun$30.apply$mcV$sp(BarnesHutSuite.scala:616)
ch.epfl.lamp.grading.GradingSuite$$anonfun$test$1.apply$mcV$sp(GradingSuite.scala:118)
ch.epfl.lamp.grading.GradingSuite$$anonfun$test$1.apply(GradingSuite.scala:117)
ch.epfl.lamp.grading.GradingSuite$$anonfun$test$1.apply(GradingSuite.scala:117)
org.scalatest.Transformer$$anonfun$apply$1.apply$mcV$sp(Transformer.scala:22)
org.scalatest.OutcomeOf$class.outcomeOf(OutcomeOf.scala:85)
org.scalatest.OutcomeOf$.outcomeOf(OutcomeOf.scala:104)
org.scalatest.Transformer.apply(Transformer.scala:22)
org.scalatest.Transformer.apply(Transformer.scala:20)
org.scalatest.FunSuiteLike$$anon$1.apply(FunSuiteLike.scala:166)
org.scalatest.Suite$class.withFixture(Suite.scala:1122)
org.scalatest.FunSuite.withFixture(FunSuite.scala:1555)
org.scalatest.FunSuiteLike$class.invokeWithFixture$1(FunSuiteLike.scala:163)
org.scalatest.FunSuiteLike$$anonfun$runTest$1.apply(FunSuiteLike.scala:175)
org.scalatest.FunSuiteLike$$anonfun$runTest$1.apply(FunSuiteLike.scala:175)
org.scalatest.SuperEngine.runTestImpl(Engine.scala:306)
org.scalatest.FunSuiteLike$class.runTest(FunSuiteLike.scala:175)
org.scalatest.FunSuite
[Feedback clipped, Coursera doesn't allow us to display more than 64kb of feedback]
